0 info it worked if it ends with ok
1 verbose cli [ 'C:\\Program Files\\nodejs\\node.exe',
1 verbose cli   'C:\\Program Files\\nodejs\\node_modules\\npm\\bin\\npm-cli.js',
1 verbose cli   'start' ]
2 info using npm@5.4.2
3 info using node@v8.7.0
4 verbose run-script [ 'prestart', 'start', 'poststart' ]
5 info lifecycle itemlist@1.0.0~prestart: itemlist@1.0.0
6 info lifecycle itemlist@1.0.0~start: itemlist@1.0.0
7 verbose lifecycle itemlist@1.0.0~start: unsafe-perm in lifecycle true
8 verbose lifecycle itemlist@1.0.0~start: PATH: C:\Program Files\nodejs\node_modules\npm\bin\node-gyp-bin;C:\Users\Workspace\itemList\node_modules\.bin;C:\Users\Beata\bin;C:\Program Files\Git\mingw64\bin;C:\Program Files\Git\usr\local\bin;C:\Program Files\Git\usr\bin;C:\Program Files\Git\usr\bin;C:\Program Files\Git\mingw64\bin;C:\Program Files\Git\usr\bin;C:\Users\Beata\bin;C:\Program Files (x86)\Intel\iCLS Client;C:\Program Files\Intel\iCLS Client;C:\WINDOWS\system32;C:\WINDOWS;C:\WINDOWS\System32\Wbem;C:\WINDOWS\System32\WindowsPowerShell\v1.0;C:\Program Files (x86)\Intel\Intel(R) Management Engine Components\DAL;C:\Program Files\Intel\Intel(R) Management Engine Components\DAL;C:\Program Files (x86)\Intel\Intel(R) Management Engine Components\IPT;C:\Program Files\Intel\Intel(R) Management Engine Components\IPT;C:\Program Files\nodejs;C:\WINDOWS\System32\OpenSSH;C:\Users\Beata\AppData\Local\Microsoft\WindowsApps;C:\Users\Beata\AppData\Roaming\npm;C:\Users\Beata\AppData\Local\atom\bin;%USERPROFILE%\AppData\Local\Microsoft\WindowsApps;C:\Program Files\Git\usr\bin\vendor_perl;C:\Program Files\Git\usr\bin\core_perl
9 verbose lifecycle itemlist@1.0.0~start: CWD: C:\Users\Workspace\itemList
10 silly lifecycle itemlist@1.0.0~start: Args: [ '/d /s /c', 'node server.js' ]
11 silly lifecycle itemlist@1.0.0~start: Returned: code: 1  signal: null
12 info lifecycle itemlist@1.0.0~start: Failed to exec start script
13 verbose stack Error: itemlist@1.0.0 start: `node server.js`
13 verbose stack Exit status 1
13 verbose stack     at EventEmitter.<anonymous> (C:\Program Files\nodejs\node_modules\npm\node_modules\npm-lifecycle\index.js:280:16)
13 verbose stack     at emitTwo (events.js:125:13)
13 verbose stack     at EventEmitter.emit (events.js:213:7)
13 verbose stack     at ChildProcess.<anonymous> (C:\Program Files\nodejs\node_modules\npm\node_modules\npm-lifecycle\lib\spawn.js:55:14)
13 verbose stack     at emitTwo (events.js:125:13)
13 verbose stack     at ChildProcess.emit (events.js:213:7)
13 verbose stack     at maybeClose (internal/child_process.js:927:16)
13 verbose stack     at Process.ChildProcess._handle.onexit (internal/child_process.js:211:5)
14 verbose pkgid itemlist@1.0.0
15 verbose cwd C:\Users\Workspace\itemList
16 verbose Windows_NT 10.0.17134
17 verbose argv "C:\\Program Files\\nodejs\\node.exe" "C:\\Program Files\\nodejs\\node_modules\\npm\\bin\\npm-cli.js" "start"
18 verbose node v8.7.0
19 verbose npm  v5.4.2
20 error code ELIFECYCLE
21 error errno 1
22 error itemlist@1.0.0 start: `node server.js`
22 error Exit status 1
23 error Failed at the itemlist@1.0.0 start script.
23 error This is probably not a problem with npm. There is likely additional logging output above.
24 verbose exit [ 1, true ]
